
Launching lib\main.dart on 24117RN76G in debug mode...
Running Gradle task 'assembleDebug'...                          
lib/ui/screens/home/home_screen.dart:51:46: Error: The method 'discoverFaceAuthService' isn't defined for the class 
'AuthProvider'.
 - 'AuthProvider' is from 'package:smart_home_app/core/providers/auth_provider.dart' 
('lib/core/providers/auth_provider.dart').
Try correcting the name to the name of an existing method, or defining a method named 'discoverFaceAuthService'.
      final beaconFound = await authProvider.discoverFaceAuthService();
                                             ^^^^^^^^^^^^^^^^^^^^^^^
Target kernel_snapshot_program failed: Exception
System.Management.Automation.RemoteException
System.Management.Automation.RemoteException
FAILURE: Build failed with an exception.
System.Management.Automation.RemoteException
* What went wrong:
Execution failed for task ':app:compileFlutterBuildDebug'.
> Process 'command 'H:\downloads\flutter\bin\flutter.bat'' finished with non-zero exit value 1
System.Management.Automation.RemoteException
* Try:
> Run with --stacktrace option to get the stack trace.
> Run with --info or --debug option to get more log output.
> Run with --scan to get full insights.
> Get more help at https://help.gradle.org.
System.Management.Automation.RemoteException
BUILD FAILED in 13s
Running Gradle task 'assembleDebug'...                             14,3s
Error: Gradle task assembleDebug failed with exit code 1


